<?xml version="1.0" encoding="UTF-8"?>
<!-- Generated by org.testng.reporters.JUnitReportReporter -->
<testsuite skipped="0" hostname="RK" name="com.comp.rk.testng.TestGroupDependency" tests="8" failures="0" timestamp="2022-02-22T09:08:06 IST" time="0.054" errors="0">
  <testcase name="test7" time="0.003" classname="com.comp.rk.testng.TestGroupDependency"/>
  <system-out/>
  <testcase name="test5" time="0.003" classname="com.comp.rk.testng.TestGroupDependency"/>
  <system-out/>
  <testcase name="test2" time="0.006" classname="com.comp.rk.testng.TestGroupDependency"/>
  <system-out/>
  <testcase name="test6" time="0.003" classname="com.comp.rk.testng.TestGroupDependency"/>
  <system-out/>
  <testcase name="test4" time="0.005" classname="com.comp.rk.testng.TestGroupDependency"/>
  <system-out/>
  <testcase name="test" time="0.002" classname="com.comp.rk.testng.TestGroupDependency"/>
  <system-out/>
  <testcase name="test1" time="0.028" classname="com.comp.rk.testng.TestGroupDependency"/>
  <system-out/>
  <testcase name="test3" time="0.004" classname="com.comp.rk.testng.TestGroupDependency"/>
  <system-out/>
</testsuite> <!-- com.comp.rk.testng.TestGroupDependency -->
