<?xml version="1.0" encoding="UTF-8"?>
<!-- Generated by org.testng.reporters.JUnitReportReporter -->
<testsuite skipped="0" hostname="RK" name="com.rk.testng.groups.TestDependency" tests="3" failures="0" timestamp="2022-02-21T20:29:03 IST" time="0.009" errors="0">
  <testcase name="cancelShipment" time="0.001" classname="com.rk.testng.groups.TestDependency"/>
  <system-out/>
  <testcase name="createShipment" time="0.007" classname="com.rk.testng.groups.TestDependency"/>
  <system-out/>
  <testcase name="trackShipment" time="0.001" classname="com.rk.testng.groups.TestDependency"/>
  <system-out/>
</testsuite> <!-- com.rk.testng.groups.TestDependency -->
