<?xml version="1.0" encoding="UTF-8"?>
<!-- Generated by org.testng.reporters.JUnitReportReporter -->
<testsuite skipped="0" hostname="RK" name="com.comp.rk.testng.EnableOrDisabledTestCases" tests="7" failures="0" timestamp="2022-02-17T09:23:17 IST" time="31.229" errors="0">
  <testcase name="navigateMyInfo" time="2.700" classname="com.comp.rk.testng.EnableOrDisabledTestCases"/>
  <system-out/>
  <testcase name="enterLoginDetails" time="8.851" classname="com.comp.rk.testng.EnableOrDisabledTestCases"/>
  <system-out/>
  <testcase name="launchApp" time="7.932" classname="com.comp.rk.testng.EnableOrDisabledTestCases"/>
  <system-out/>
  <testcase name="launchApp" time="4.406" classname="com.comp.rk.testng.EnableOrDisabledTestCases"/>
  <system-out/>
  <testcase name="enterLoginDetails" time="7.077" classname="com.comp.rk.testng.EnableOrDisabledTestCases"/>
  <system-out/>
  <testcase name="verifyLoginDetails" time="0.135" classname="com.comp.rk.testng.EnableOrDisabledTestCases"/>
  <system-out/>
  <testcase name="verifyMyDetails" time="0.128" classname="com.comp.rk.testng.EnableOrDisabledTestCases"/>
  <system-out/>
</testsuite> <!-- com.comp.rk.testng.EnableOrDisabledTestCases -->
