<?xml version="1.0" encoding="UTF-8"?>
<!-- Generated by org.testng.reporters.JUnitReportReporter -->
<testsuite skipped="0" hostname="RK" name="com.comp.rk.testng.SoftAssertDemo" tests="1" failures="0" timestamp="2022-02-15T15:54:46 IST" time="8.441" errors="0">
  <testcase name="testFacebook" time="8.441" classname="com.comp.rk.testng.SoftAssertDemo"/>
  <system-out/>
</testsuite> <!-- com.comp.rk.testng.SoftAssertDemo -->
