<?xml version="1.0" encoding="UTF-8"?>
<!-- Generated by org.testng.reporters.JUnitReportReporter -->
<testsuite skipped="1" hostname="RK" name="com.rk.testng.IgnoreDemo1" tests="3" failures="0" timestamp="2022-02-17T12:37:53 IST" time="0.010" errors="0">
  <testcase name="Test2" time="0.008" classname="com.rk.testng.IgnoreDemo1"/>
  <system-out/>
  <testcase name="Test3" time="0.002" classname="com.rk.testng.IgnoreDemo1"/>
  <system-out/>
  <testcase name="Test1" classname="com.rk.testng.IgnoreDemo1">
    <skipped/>
  </testcase> <!-- Test1 -->
  <system-out/>
</testsuite> <!-- com.rk.testng.IgnoreDemo1 -->
