<?xml version="1.0" encoding="UTF-8"?>
<!-- Generated by org.testng.reporters.JUnitReportReporter -->
<testsuite skipped="0" hostname="RK" name="com.comp.rk.testng.NewTest" tests="2" failures="0" timestamp="2022-02-15T16:50:14 IST" time="0.008" errors="0">
  <testcase name="testMethod1" time="0.005" classname="com.comp.rk.testng.NewTest"/>
  <system-out/>
  <testcase name="testMethod2" time="0.003" classname="com.comp.rk.testng.NewTest"/>
  <system-out/>
</testsuite> <!-- com.comp.rk.testng.NewTest -->
