<?xml version="1.0" encoding="UTF-8"?>
<!-- Generated by org.testng.reporters.JUnitReportReporter -->
<testsuite skipped="1" hostname="RK" name="com.rk.testng.IgnoreDemo2" tests="3" failures="0" timestamp="2022-02-17T12:37:24 IST" time="0.006" errors="0">
  <testcase name="Test4" time="0.003" classname="com.rk.testng.IgnoreDemo2"/>
  <system-out/>
  <testcase name="Test6" time="0.003" classname="com.rk.testng.IgnoreDemo2"/>
  <system-out/>
  <testcase name="Test5" classname="com.rk.testng.IgnoreDemo2">
    <skipped/>
  </testcase> <!-- Test5 -->
  <system-out/>
</testsuite> <!-- com.rk.testng.IgnoreDemo2 -->
