<?xml version="1.0" encoding="UTF-8"?>
<!-- Generated by org.testng.reporters.JUnitReportReporter -->
<testsuite skipped="0" hostname="RK" name="com.comp.rk.testng.IndicesDemo" tests="2" failures="0" timestamp="2022-02-23T17:59:47 IST" time="0.007" errors="0">
  <testcase name="Demo" time="0.001" classname="com.comp.rk.testng.IndicesDemo"/>
  <system-out/>
  <testcase name="Demo" time="0.006" classname="com.comp.rk.testng.IndicesDemo"/>
  <system-out/>
</testsuite> <!-- com.comp.rk.testng.IndicesDemo -->
