<?xml version="1.0" encoding="UTF-8"?>
<!-- Generated by org.testng.reporters.JUnitReportReporter -->
<testsuite skipped="0" hostname="RK" name="com.comp.rk.testng.FirstTest" tests="2" failures="0" timestamp="2022-02-16T15:04:10 IST" time="21.045" errors="0">
  <testcase name="testGoogle" time="12.011" classname="com.comp.rk.testng.FirstTest"/>
  <system-out/>
  <testcase name="testFacebook" time="9.034" classname="com.comp.rk.testng.FirstTest"/>
  <system-out/>
</testsuite> <!-- com.comp.rk.testng.FirstTest -->
