<?xml version="1.0" encoding="UTF-8"?>
<!-- Generated by org.testng.reporters.JUnitReportReporter -->
<testsuite skipped="0" hostname="RK" name="com.comp.rk.testng.PrioritiesFlightBookingTest" tests="6" failures="0" timestamp="2022-02-17T10:08:26 IST" time="0.012" errors="0">
  <testcase name="signUp" time="0.007" classname="com.comp.rk.testng.PrioritiesFlightBookingTest"/>
  <system-out/>
  <testcase name="login" time="0.001" classname="com.comp.rk.testng.PrioritiesFlightBookingTest"/>
  <system-out/>
  <testcase name="searchForFlight" time="0.001" classname="com.comp.rk.testng.PrioritiesFlightBookingTest"/>
  <system-out/>
  <testcase name="bookFlight" time="0.001" classname="com.comp.rk.testng.PrioritiesFlightBookingTest"/>
  <system-out/>
  <testcase name="downloadTicket" time="0.001" classname="com.comp.rk.testng.PrioritiesFlightBookingTest"/>
  <system-out/>
  <testcase name="logout" time="0.001" classname="com.comp.rk.testng.PrioritiesFlightBookingTest"/>
  <system-out/>
</testsuite> <!-- com.comp.rk.testng.PrioritiesFlightBookingTest -->
