<?xml version="1.0" encoding="UTF-8"?>
<!-- Generated by org.testng.reporters.JUnitReportReporter -->
<testsuite skipped="0" hostname="RK" name="com.comp.rk.testng.ParametersDemo" tests="7" failures="0" timestamp="2022-02-16T11:25:51 IST" time="27.379" errors="0">
  <testcase name="launchApp" time="6.461" classname="com.comp.rk.testng.ParametersDemo"/>
  <system-out/>
  <testcase name="launchApp" time="4.601" classname="com.comp.rk.testng.ParametersDemo"/>
  <system-out/>
  <testcase name="enterLoginDetails" time="5.788" classname="com.comp.rk.testng.ParametersDemo"/>
  <system-out/>
  <testcase name="enterLoginDetails" time="6.020" classname="com.comp.rk.testng.ParametersDemo"/>
  <system-out/>
  <testcase name="verifyLoginDetails" time="0.384" classname="com.comp.rk.testng.ParametersDemo"/>
  <system-out/>
  <testcase name="verifyMyDetails" time="0.140" classname="com.comp.rk.testng.ParametersDemo"/>
  <system-out/>
  <testcase name="navigateMyInfo" time="3.985" classname="com.comp.rk.testng.ParametersDemo"/>
  <system-out/>
</testsuite> <!-- com.comp.rk.testng.ParametersDemo -->
